<?xml version="1.0" encoding="UTF-8"?>
<testng-results skipped="0" failed="0" ignored="0" total="1" passed="1">
  <reporter-output>
  </reporter-output>
  <suite name="Default suite" duration-ms="5861" started-at="2021-03-25T06:12:12 IST" finished-at="2021-03-25T06:12:18 IST">
    <groups>
    </groups>
    <test name="Default test" duration-ms="5861" started-at="2021-03-25T06:12:12 IST" finished-at="2021-03-25T06:12:18 IST">
      <class name="testCase.TestCase1">
        <test-method status="PASS" signature="initialSetup()[pri:0, instance:testCase.TestCase1@131276c2]" name="initialSetup" is-config="true" duration-ms="6563" started-at="2021-03-25T06:12:06 IST" finished-at="2021-03-25T06:12:12 IST">
          <reporter-output>
          </reporter-output>
        </test-method> <!-- initialSetup -->
        <test-method status="PASS" signature="TC1()[pri:0, instance:testCase.TestCase1@131276c2]" name="TC1" duration-ms="5687" started-at="2021-03-25T06:12:12 IST" finished-at="2021-03-25T06:12:18 IST">
          <reporter-output>
          </reporter-output>
        </test-method> <!-- TC1 -->
      </class> <!-- testCase.TestCase1 -->
    </test> <!-- Default test -->
  </suite> <!-- Default suite -->
</testng-results>
